{"level":"info","message":"Logged in user newuser logged in","service":"user-service"}
{"level":"info","message":"Message user 66a51b7426d1736a5f1f3936 sending mesasge sending message, peers: 66a51ff064f4bac2ac7baa5b,66a51b7426d1736a5f1f3936 ","service":"user-service"}
{"level":"info","message":"Registered user ANOTHER_USER registered ","service":"user-service"}
{"level":"info","message":"Logged in user ANOTHER_USER logged in","service":"user-service"}
{"level":"info","message":"Message user 66a56d79b811183e1ee17c17 sending mesasge hello, peers: 66a56d79b811183e1ee17c17,66a51b7426d1736a5f1f3936 ","service":"user-service"}
{"level":"info","message":"Message user 66a51b7426d1736a5f1f3936 sending mesasge some message, peers: 66a56d79b811183e1ee17c17,66a51b7426d1736a5f1f3936 ","service":"user-service"}
{"level":"info","message":"Message user 66a51b7426d1736a5f1f3936 sending mesasge hey, peers: 66a56d79b811183e1ee17c17,66a51b7426d1736a5f1f3936 ","service":"user-service"}
{"level":"info","message":"Message user 66a56d79b811183e1ee17c17 sending mesasge hi, peers: 66a56d79b811183e1ee17c17,66a51b7426d1736a5f1f3936 ","service":"user-service"}
{"level":"info","message":"Message user 66a56d79b811183e1ee17c17 sending mesasge hey, peers: 66a56d79b811183e1ee17c17,66a51ff064f4bac2ac7baa5b ","service":"user-service"}
{"level":"info","message":"Message user 66a51b7426d1736a5f1f3936 sending mesasge hey, peers: 66a51ff064f4bac2ac7baa5b,66a51b7426d1736a5f1f3936 ","service":"user-service"}
{"level":"info","message":"Message user 66a56d79b811183e1ee17c17 sending mesasge hello, peers: 66a56d79b811183e1ee17c17,66a51ff064f4bac2ac7baa5b ","service":"user-service"}
{"level":"info","message":"Message user 66a51b7426d1736a5f1f3936 sending mesasge whaattt, peers: 66a51ff064f4bac2ac7baa5b,66a51b7426d1736a5f1f3936 ","service":"user-service"}
{"level":"info","message":"Registered user new_account registered ","service":"user-service"}
{"level":"info","message":"Registered user new_account_username registered ","service":"user-service"}
{"level":"info","message":"Registered user some_user registered ","service":"user-service"}
{"level":"info","message":"Registered user user123 registered ","service":"user-service"}
{"level":"info","message":"Registered user john_test1 registered ","service":"user-service"}
{"level":"info","message":"Logged in user john_test1 logged in","service":"user-service"}
{"level":"info","message":"Logged in user john_test1 logged in","service":"user-service"}
{"level":"info","message":"Registered user john_test2 registered ","service":"user-service"}
{"level":"info","message":"Logged in user john_test2 logged in","service":"user-service"}
{"level":"info","message":"Message user 66a5785bdc159731db65b3fb sending mesasge hello, peers: 66a5785bdc159731db65b3fb,66a5781edc159731db65b3f3 ","service":"user-service"}
{"level":"info","message":"Message user 66a5781edc159731db65b3f3 sending mesasge hey waazp, peers: 66a5785bdc159731db65b3fb,66a5781edc159731db65b3f3 ","service":"user-service"}
{"level":"info","message":"Message user 66a5785bdc159731db65b3fb sending mesasge hello, peers: 66a5785bdc159731db65b3fb,66a5781edc159731db65b3f3 ","service":"user-service"}
{"level":"info","message":"Registered user some_user_1 registered ","service":"user-service"}
{"level":"info","message":"Logged in user some_user_1 logged in","service":"user-service"}
{"level":"info","message":"Message user 66a754c9c91dad33172898b3 sending mesasge hello, peers: 66a754c9c91dad33172898b3,66a57314da6d506aa4513730 ","service":"user-service"}
{"level":"info","message":"Registered user some_user_2 registered ","service":"user-service"}
{"level":"info","message":"Logged in user some_user_2 logged in","service":"user-service"}
{"level":"info","message":"Registered user some_user_3 registered ","service":"user-service"}
{"level":"info","message":"Registered user some_user_4 registered ","service":"user-service"}
{"level":"info","message":"Registered user some_user_5 registered ","service":"user-service"}
{"level":"info","message":"Registered user some_user_6 registered ","service":"user-service"}
{"level":"info","message":"Registered user some_user_7 registered ","service":"user-service"}
{"level":"info","message":"Registered user new_acc_1 registered ","service":"user-service"}
{"level":"info","message":"Registered user some_user_8 registered ","service":"user-service"}
{"level":"info","message":"Logged in user some_user_8 logged in","service":"user-service"}
{"level":"info","message":"Message user 66a757aec91dad33172898e3 sending mesasge hey, peers: 66a757aec91dad33172898e3,66a57314da6d506aa4513730 ","service":"user-service"}
